<?xml version="1.0" encoding="UTF-8"?>
<testsuite name="com.bridgelabz.hotelreservation.HotelReservationTest" tests="6" skipped="0" failures="0" errors="0" timestamp="2020-10-13T17:32:40" hostname="DESKTOP-G28VQJM" time="0.052">
  <properties/>
  <testcase name="givenThreeHotelsForGivenDateRangeHavingAllWeekDaysShouldReturnLakewood" classname="com.bridgelabz.hotelreservation.HotelReservationTest" time="0.036"/>
  <testcase name="givenThreeHotelsForGivenDateRangeHavingBothWeekDayAndWeekendHavingBestRatingShouldReturnBridgewood" classname="com.bridgelabz.hotelreservation.HotelReservationTest" time="0.008"/>
  <testcase name="givenThreeHotelsForGivenDateRangeHavingAllWeekDaysHavingBestRatingShouldReturnLakewood" classname="com.bridgelabz.hotelreservation.HotelReservationTest" time="0.001"/>
  <testcase name="givenThreeHotelsForGivenDateRangeHavingBothWeekDayAndWeekendShouldReturnLakewoodAndBridgewood" classname="com.bridgelabz.hotelreservation.HotelReservationTest" time="0.001"/>
  <testcase name="givenThreeHotelsForGivenDateRangeHavingBothWeekDayAndWeekendHavingBestRatingAndCheapestShouldReturnBridgewood" classname="com.bridgelabz.hotelreservation.HotelReservationTest" time="0.001"/>
  <testcase name="givenThreeHotelsForGivenDateRangeHavingAllWeekDaysHavingBestRatingAndCheapestShouldReturnLakewood" classname="com.bridgelabz.hotelreservation.HotelReservationTest" time="0.001"/>
  <system-out><![CDATA[Welcome to Hotel Reservation System
Hotel Name: Lakewood Total Rate $220
Hotel Name: Ridgewood, Rating: 5 and Total Rate $370
Hotel Name: Ridgewood, Rating: 5 and Total Rate $440
Hotel Name: Lakewood Total Rate $200
Hotel Name: Bridgewood Total Rate $200
Hotel Name: Bridgewood, Rating: 4 and Total Rate $200
Hotel Name: Lakewood, Rating: 3 and Total Rate $220
]]></system-out>
  <system-err><![CDATA[]]></system-err>
</testsuite>
